{"/Users/sumitshandillya/Desktop/assignment/frontend/src/components/CreateOrderModal.jsx": {"path":"/Users/sumitshandillya/Desktop/assignment/frontend/src/components/CreateOrderModal.jsx","statementMap":{"0":{"start":{"line":11,"column":24},"end":{"line":14,"column":null}},"1":{"start":{"line":16,"column":20},"end":{"line":19,"column":null}},"2":{"start":{"line":21,"column":6},"end":{"line":223,"column":null}},"3":{"start":{"line":22,"column":8},"end":{"line":22,"column":null}},"4":{"start":{"line":23,"column":16},"end":{"line":23,"column":null}},"5":{"start":{"line":24,"column":16},"end":{"line":24,"column":null}},"6":{"start":{"line":26,"column":8},"end":{"line":44,"column":null}},"7":{"start":{"line":29,"column":6},"end":{"line":29,"column":null}},"8":{"start":{"line":30,"column":6},"end":{"line":30,"column":null}},"9":{"start":{"line":31,"column":6},"end":{"line":31,"column":null}},"10":{"start":{"line":32,"column":6},"end":{"line":32,"column":null}},"11":{"start":{"line":33,"column":6},"end":{"line":33,"column":null}},"12":{"start":{"line":36,"column":6},"end":{"line":42,"column":null}},"13":{"start":{"line":37,"column":8},"end":{"line":37,"column":null}},"14":{"start":{"line":38,"column":13},"end":{"line":42,"column":null}},"15":{"start":{"line":39,"column":8},"end":{"line":39,"column":null}},"16":{"start":{"line":41,"column":8},"end":{"line":41,"column":null}},"17":{"start":{"line":46,"column":87},"end":{"line":49,"column":null}},"18":{"start":{"line":51,"column":26},"end":{"line":51,"column":null}},"19":{"start":{"line":52,"column":21},"end":{"line":52,"column":null}},"20":{"start":{"line":54,"column":20},"end":{"line":67,"column":null}},"21":{"start":{"line":55,"column":14},"end":{"line":55,"column":null}},"22":{"start":{"line":56,"column":16},"end":{"line":56,"column":null}},"23":{"start":{"line":57,"column":4},"end":{"line":65,"column":null}},"24":{"start":{"line":58,"column":6},"end":{"line":64,"column":null}},"25":{"start":{"line":59,"column":21},"end":{"line":59,"column":null}},"26":{"start":{"line":59,"column":41},"end":{"line":59,"column":73}},"27":{"start":{"line":60,"column":8},"end":{"line":63,"column":null}},"28":{"start":{"line":61,"column":10},"end":{"line":61,"column":null}},"29":{"start":{"line":62,"column":10},"end":{"line":62,"column":null}},"30":{"start":{"line":66,"column":4},"end":{"line":66,"column":null}},"31":{"start":{"line":69,"column":19},"end":{"line":69,"column":null}},"32":{"start":{"line":70,"column":18},"end":{"line":70,"column":null}},"33":{"start":{"line":71,"column":14},"end":{"line":71,"column":null}},"34":{"start":{"line":72,"column":16},"end":{"line":72,"column":null}},"35":{"start":{"line":74,"column":8},"end":{"line":83,"column":null}},"36":{"start":{"line":75,"column":20},"end":{"line":80,"column":null}},"37":{"start":{"line":77,"column":39},"end":{"line":77,"column":112}},"38":{"start":{"line":81,"column":27},"end":{"line":81,"column":null}},"39":{"start":{"line":82,"column":4},"end":{"line":82,"column":null}},"40":{"start":{"line":85,"column":8},"end":{"line":88,"column":null}},"41":{"start":{"line":86,"column":4},"end":{"line":86,"column":null}},"42":{"start":{"line":87,"column":4},"end":{"line":87,"column":null}},"43":{"start":{"line":90,"column":2},"end":{"line":221,"column":null}},"44":{"start":{"line":131,"column":44},"end":{"line":131,"column":null}},"45":{"start":{"line":143,"column":69},"end":{"line":143,"column":110}},"46":{"start":{"line":150,"column":59},"end":{"line":150,"column":null}},"47":{"start":{"line":151,"column":49},"end":{"line":151,"column":null}},"48":{"start":{"line":151,"column":69},"end":{"line":151,"column":100}},"49":{"start":{"line":152,"column":55},"end":{"line":152,"column":null}},"50":{"start":{"line":154,"column":36},"end":{"line":178,"column":null}},"51":{"start":{"line":161,"column":52},"end":{"line":161,"column":null}},"52":{"start":{"line":176,"column":81},"end":{"line":176,"column":96}}},"fnMap":{"0":{"name":"(anonymous_0)","decl":{"start":{"line":21,"column":6},"end":{"line":21,"column":26}},"loc":{"start":{"line":21,"column":50},"end":{"line":223,"column":null}},"line":21},"1":{"name":"(anonymous_1)","decl":{"start":{"line":28,"column":4},"end":{"line":28,"column":21}},"loc":{"start":{"line":28,"column":21},"end":{"line":34,"column":null}},"line":28},"2":{"name":"(anonymous_2)","decl":{"start":{"line":35,"column":4},"end":{"line":35,"column":14}},"loc":{"start":{"line":35,"column":24},"end":{"line":43,"column":null}},"line":35},"3":{"name":"(anonymous_3)","decl":{"start":{"line":54,"column":35},"end":{"line":54,"column":49}},"loc":{"start":{"line":54,"column":49},"end":{"line":67,"column":5}},"line":54},"4":{"name":"(anonymous_4)","decl":{"start":{"line":57,"column":15},"end":{"line":57,"column":23}},"loc":{"start":{"line":57,"column":31},"end":{"line":65,"column":5}},"line":57},"5":{"name":"(anonymous_5)","decl":{"start":{"line":59,"column":31},"end":{"line":59,"column":36}},"loc":{"start":{"line":59,"column":41},"end":{"line":59,"column":73}},"line":59},"6":{"name":"(anonymous_6)","decl":{"start":{"line":74,"column":8},"end":{"line":74,"column":20}},"loc":{"start":{"line":74,"column":29},"end":{"line":83,"column":null}},"line":74},"7":{"name":"(anonymous_7)","decl":{"start":{"line":77,"column":26},"end":{"line":77,"column":30}},"loc":{"start":{"line":77,"column":39},"end":{"line":77,"column":112}},"line":77},"8":{"name":"(anonymous_8)","decl":{"start":{"line":85,"column":8},"end":{"line":85,"column":28}},"loc":{"start":{"line":85,"column":28},"end":{"line":88,"column":null}},"line":85},"9":{"name":"(anonymous_9)","decl":{"start":{"line":130,"column":52},"end":{"line":130,"column":56}},"loc":{"start":{"line":131,"column":44},"end":{"line":131,"column":null}},"line":131},"10":{"name":"(anonymous_10)","decl":{"start":{"line":143,"column":54},"end":{"line":143,"column":69}},"loc":{"start":{"line":143,"column":69},"end":{"line":143,"column":110}},"line":143},"11":{"name":"(anonymous_11)","decl":{"start":{"line":149,"column":40},"end":{"line":149,"column":45}},"loc":{"start":{"line":149,"column":62},"end":{"line":179,"column":34}},"line":149},"12":{"name":"(anonymous_12)","decl":{"start":{"line":151,"column":59},"end":{"line":151,"column":64}},"loc":{"start":{"line":151,"column":69},"end":{"line":151,"column":100}},"line":151},"13":{"name":"(anonymous_13)","decl":{"start":{"line":160,"column":59},"end":{"line":160,"column":63}},"loc":{"start":{"line":161,"column":52},"end":{"line":161,"column":null}},"line":161},"14":{"name":"(anonymous_14)","decl":{"start":{"line":176,"column":66},"end":{"line":176,"column":81}},"loc":{"start":{"line":176,"column":81},"end":{"line":176,"column":96}},"line":176}},"branchMap":{"0":{"loc":{"start":{"line":36,"column":6},"end":{"line":42,"column":null}},"type":"if","locations":[{"start":{"line":36,"column":6},"end":{"line":42,"column":null}},{"start":{"line":38,"column":13},"end":{"line":42,"column":null}}],"line":36},"1":{"loc":{"start":{"line":38,"column":13},"end":{"line":42,"column":null}},"type":"if","locations":[{"start":{"line":38,"column":13},"end":{"line":42,"column":null}},{"start":{"line":40,"column":13},"end":{"line":42,"column":null}}],"line":38},"2":{"loc":{"start":{"line":39,"column":20},"end":{"line":39,"column":72}},"type":"binary-expr","locations":[{"start":{"line":39,"column":20},"end":{"line":39,"column":52}},{"start":{"line":39,"column":52},"end":{"line":39,"column":72}}],"line":39},"3":{"loc":{"start":{"line":58,"column":6},"end":{"line":64,"column":null}},"type":"if","locations":[{"start":{"line":58,"column":6},"end":{"line":64,"column":null}},{"start":{},"end":{}}],"line":58},"4":{"loc":{"start":{"line":58,"column":10},"end":{"line":58,"column":48}},"type":"binary-expr","locations":[{"start":{"line":58,"column":10},"end":{"line":58,"column":29}},{"start":{"line":58,"column":29},"end":{"line":58,"column":48}}],"line":58},"5":{"loc":{"start":{"line":60,"column":8},"end":{"line":63,"column":null}},"type":"if","locations":[{"start":{"line":60,"column":8},"end":{"line":63,"column":null}},{"start":{},"end":{}}],"line":60},"6":{"loc":{"start":{"line":92,"column":7},"end":{"line":221,"column":null}},"type":"binary-expr","locations":[{"start":{"line":92,"column":7},"end":{"line":92,"column":null}},{"start":{"line":93,"column":8},"end":{"line":221,"column":null}}],"line":92},"7":{"loc":{"start":{"line":135,"column":33},"end":{"line":135,"column":null}},"type":"binary-expr","locations":[{"start":{"line":135,"column":33},"end":{"line":135,"column":55}},{"start":{"line":135,"column":55},"end":{"line":135,"column":null}}],"line":135},"8":{"loc":{"start":{"line":152,"column":55},"end":{"line":152,"column":null}},"type":"binary-expr","locations":[{"start":{"line":152,"column":55},"end":{"line":152,"column":63}},{"start":{"line":152,"column":63},"end":{"line":152,"column":null}}],"line":152},"9":{"loc":{"start":{"line":152,"column":90},"end":{"line":152,"column":null}},"type":"binary-expr","locations":[{"start":{"line":152,"column":90},"end":{"line":152,"column":108}},{"start":{"line":152,"column":108},"end":{"line":152,"column":null}}],"line":152},"10":{"loc":{"start":{"line":164,"column":45},"end":{"line":164,"column":null}},"type":"binary-expr","locations":[{"start":{"line":164,"column":45},"end":{"line":164,"column":83}},{"start":{"line":164,"column":83},"end":{"line":164,"column":null}}],"line":164},"11":{"loc":{"start":{"line":171,"column":45},"end":{"line":176,"column":45}},"type":"binary-expr","locations":[{"start":{"line":171,"column":45},"end":{"line":171,"column":null}},{"start":{"line":172,"column":48},"end":{"line":176,"column":45}}],"line":171},"12":{"loc":{"start":{"line":172,"column":119},"end":{"line":172,"column":null}},"type":"cond-expr","locations":[{"start":{"line":172,"column":132},"end":{"line":172,"column":185}},{"start":{"line":172,"column":185},"end":{"line":172,"column":null}}],"line":172},"13":{"loc":{"start":{"line":173,"column":53},"end":{"line":173,"column":null}},"type":"cond-expr","locations":[{"start":{"line":173,"column":66},"end":{"line":173,"column":80}},{"start":{"line":173,"column":80},"end":{"line":173,"column":null}}],"line":173},"14":{"loc":{"start":{"line":180,"column":33},"end":{"line":181,"column":null}},"type":"binary-expr","locations":[{"start":{"line":180,"column":33},"end":{"line":180,"column":49}},{"start":{"line":180,"column":49},"end":{"line":180,"column":81}},{"start":{"line":180,"column":81},"end":{"line":181,"column":null}}],"line":180},"15":{"loc":{"start":{"line":210,"column":60},"end":{"line":210,"column":101}},"type":"binary-expr","locations":[{"start":{"line":210,"column":60},"end":{"line":210,"column":76}},{"start":{"line":210,"column":76},"end":{"line":210,"column":101}}],"line":210},"16":{"loc":{"start":{"line":211,"column":33},"end":{"line":211,"column":null}},"type":"cond-expr","locations":[{"start":{"line":211,"column":48},"end":{"line":211,"column":66}},{"start":{"line":211,"column":66},"end":{"line":211,"column":null}}],"line":211}},"s":{"0":2,"1":2,"2":2,"3":9,"4":9,"5":9,"6":9,"7":0,"8":0,"9":0,"10":0,"11":0,"12":0,"13":0,"14":0,"15":0,"16":0,"17":9,"18":9,"19":9,"20":9,"21":7,"22":7,"23":7,"24":8,"25":0,"26":0,"27":0,"28":0,"29":0,"30":7,"31":9,"32":9,"33":9,"34":9,"35":9,"36":0,"37":0,"38":0,"39":0,"40":9,"41":0,"42":0,"43":9,"44":2,"45":1,"46":6,"47":6,"48":4,"49":6,"50":6,"51":4,"52":0},"f":{"0":9,"1":0,"2":0,"3":7,"4":8,"5":0,"6":0,"7":0,"8":0,"9":2,"10":1,"11":6,"12":4,"13":4,"14":0},"b":{"0":[0,0],"1":[0,0],"2":[0,0],"3":[0,8],"4":[8,0],"5":[0,0],"6":[9,4],"7":[4,0],"8":[6,0],"9":[0,0],"10":[6,0],"11":[6,0],"12":[0,0],"13":[0,0],"14":[4,0,0],"15":[4,4],"16":[0,4]},"meta":{"lastBranch":17,"lastFunction":15,"lastStatement":53,"seen":{"s:11:24:14:Infinity":0,"s:16:20:19:Infinity":1,"s:21:6:223:Infinity":2,"f:21:6:21:26":0,"s:22:8:22:Infinity":3,"s:23:16:23:Infinity":4,"s:24:16:24:Infinity":5,"s:26:8:44:Infinity":6,"f:28:4:28:21":1,"s:29:6:29:Infinity":7,"s:30:6:30:Infinity":8,"s:31:6:31:Infinity":9,"s:32:6:32:Infinity":10,"s:33:6:33:Infinity":11,"f:35:4:35:14":2,"b:36:6:42:Infinity:38:13:42:Infinity":0,"s:36:6:42:Infinity":12,"s:37:8:37:Infinity":13,"b:38:13:42:Infinity:40:13:42:Infinity":1,"s:38:13:42:Infinity":14,"s:39:8:39:Infinity":15,"b:39:20:39:52:39:52:39:72":2,"s:41:8:41:Infinity":16,"s:46:87:49:Infinity":17,"s:51:26:51:Infinity":18,"s:52:21:52:Infinity":19,"s:54:20:67:Infinity":20,"f:54:35:54:49":3,"s:55:14:55:Infinity":21,"s:56:16:56:Infinity":22,"s:57:4:65:Infinity":23,"f:57:15:57:23":4,"b:58:6:64:Infinity:undefined:undefined:undefined:undefined":3,"s:58:6:64:Infinity":24,"b:58:10:58:29:58:29:58:48":4,"s:59:21:59:Infinity":25,"f:59:31:59:36":5,"s:59:41:59:73":26,"b:60:8:63:Infinity:undefined:undefined:undefined:undefined":5,"s:60:8:63:Infinity":27,"s:61:10:61:Infinity":28,"s:62:10:62:Infinity":29,"s:66:4:66:Infinity":30,"s:69:19:69:Infinity":31,"s:70:18:70:Infinity":32,"s:71:14:71:Infinity":33,"s:72:16:72:Infinity":34,"s:74:8:83:Infinity":35,"f:74:8:74:20":6,"s:75:20:80:Infinity":36,"f:77:26:77:30":7,"s:77:39:77:112":37,"s:81:27:81:Infinity":38,"s:82:4:82:Infinity":39,"s:85:8:88:Infinity":40,"f:85:8:85:28":8,"s:86:4:86:Infinity":41,"s:87:4:87:Infinity":42,"s:90:2:221:Infinity":43,"b:92:7:92:Infinity:93:8:221:Infinity":6,"f:130:52:130:56":9,"s:131:44:131:Infinity":44,"b:135:33:135:55:135:55:135:Infinity":7,"f:143:54:143:69":10,"s:143:69:143:110":45,"f:149:40:149:45":11,"s:150:59:150:Infinity":46,"s:151:49:151:Infinity":47,"f:151:59:151:64":12,"s:151:69:151:100":48,"s:152:55:152:Infinity":49,"b:152:55:152:63:152:63:152:Infinity":8,"b:152:90:152:108:152:108:152:Infinity":9,"s:154:36:178:Infinity":50,"f:160:59:160:63":13,"s:161:52:161:Infinity":51,"b:164:45:164:83:164:83:164:Infinity":10,"b:171:45:171:Infinity:172:48:176:45":11,"b:172:132:172:185:172:185:172:Infinity":12,"b:173:66:173:80:173:80:173:Infinity":13,"f:176:66:176:81":14,"s:176:81:176:96":52,"b:180:33:180:49:180:49:180:81:180:81:181:Infinity":14,"b:210:60:210:76:210:76:210:101":15,"b:211:48:211:66:211:66:211:Infinity":16}}}
,"/Users/sumitshandillya/Desktop/assignment/frontend/src/components/Layout.jsx": {"path":"/Users/sumitshandillya/Desktop/assignment/frontend/src/components/Layout.jsx","statementMap":{"0":{"start":{"line":8,"column":6},"end":{"line":37,"column":null}},"1":{"start":{"line":9,"column":2},"end":{"line":35,"column":null}},"2":{"start":{"line":14,"column":8},"end":{"line":17,"column":null}},"3":{"start":{"line":39,"column":6},"end":{"line":168,"column":null}},"4":{"start":{"line":40,"column":22},"end":{"line":40,"column":null}},"5":{"start":{"line":41,"column":27},"end":{"line":41,"column":null}},"6":{"start":{"line":42,"column":8},"end":{"line":42,"column":null}},"7":{"start":{"line":44,"column":16},"end":{"line":44,"column":null}},"8":{"start":{"line":46,"column":2},"end":{"line":53,"column":null}},"9":{"start":{"line":47,"column":4},"end":{"line":51,"column":null}},"10":{"start":{"line":48,"column":6},"end":{"line":48,"column":null}},"11":{"start":{"line":50,"column":6},"end":{"line":50,"column":null}},"12":{"start":{"line":52,"column":4},"end":{"line":52,"column":null}},"13":{"start":{"line":55,"column":8},"end":{"line":55,"column":null}},"14":{"start":{"line":55,"column":28},"end":{"line":55,"column":null}},"15":{"start":{"line":57,"column":8},"end":{"line":67,"column":null}},"16":{"start":{"line":58,"column":4},"end":{"line":66,"column":null}},"17":{"start":{"line":59,"column":16},"end":{"line":59,"column":null}},"18":{"start":{"line":60,"column":25},"end":{"line":60,"column":null}},"19":{"start":{"line":61,"column":24},"end":{"line":61,"column":null}},"20":{"start":{"line":62,"column":25},"end":{"line":62,"column":null}},"21":{"start":{"line":63,"column":22},"end":{"line":63,"column":null}},"22":{"start":{"line":64,"column":29},"end":{"line":64,"column":null}},"23":{"start":{"line":65,"column":15},"end":{"line":65,"column":null}},"24":{"start":{"line":69,"column":2},"end":{"line":166,"column":null}},"25":{"start":{"line":77,"column":27},"end":{"line":77,"column":null}},"26":{"start":{"line":84,"column":165},"end":{"line":84,"column":195}},"27":{"start":{"line":103,"column":33},"end":{"line":103,"column":58}},"28":{"start":{"line":122,"column":35},"end":{"line":122,"column":65}},"29":{"start":{"line":134,"column":70},"end":{"line":134,"column":null}},"30":{"start":{"line":161,"column":65},"end":{"line":161,"column":92}}},"fnMap":{"0":{"name":"(anonymous_0)","decl":{"start":{"line":8,"column":6},"end":{"line":8,"column":21}},"loc":{"start":{"line":8,"column":75},"end":{"line":37,"column":null}},"line":8},"1":{"name":"(anonymous_1)","decl":{"start":{"line":13,"column":6},"end":{"line":13,"column":18}},"loc":{"start":{"line":14,"column":8},"end":{"line":17,"column":null}},"line":14},"2":{"name":"(anonymous_2)","decl":{"start":{"line":39,"column":6},"end":{"line":39,"column":21}},"loc":{"start":{"line":39,"column":21},"end":{"line":168,"column":null}},"line":39},"3":{"name":"(anonymous_3)","decl":{"start":{"line":46,"column":2},"end":{"line":46,"column":18}},"loc":{"start":{"line":46,"column":18},"end":{"line":53,"column":5}},"line":46},"4":{"name":"(anonymous_4)","decl":{"start":{"line":55,"column":8},"end":{"line":55,"column":28}},"loc":{"start":{"line":55,"column":28},"end":{"line":55,"column":null}},"line":55},"5":{"name":"(anonymous_5)","decl":{"start":{"line":57,"column":8},"end":{"line":57,"column":29}},"loc":{"start":{"line":57,"column":29},"end":{"line":67,"column":null}},"line":57},"6":{"name":"(anonymous_6)","decl":{"start":{"line":77,"column":12},"end":{"line":77,"column":27}},"loc":{"start":{"line":77,"column":27},"end":{"line":77,"column":null}},"line":77},"7":{"name":"(anonymous_7)","decl":{"start":{"line":84,"column":150},"end":{"line":84,"column":165}},"loc":{"start":{"line":84,"column":165},"end":{"line":84,"column":195}},"line":84},"8":{"name":"(anonymous_8)","decl":{"start":{"line":103,"column":18},"end":{"line":103,"column":33}},"loc":{"start":{"line":103,"column":33},"end":{"line":103,"column":58}},"line":103},"9":{"name":"(anonymous_9)","decl":{"start":{"line":122,"column":20},"end":{"line":122,"column":35}},"loc":{"start":{"line":122,"column":35},"end":{"line":122,"column":65}},"line":122},"10":{"name":"(anonymous_10)","decl":{"start":{"line":134,"column":41},"end":{"line":134,"column":53}},"loc":{"start":{"line":134,"column":70},"end":{"line":134,"column":null}},"line":134},"11":{"name":"(anonymous_11)","decl":{"start":{"line":161,"column":50},"end":{"line":161,"column":65}},"loc":{"start":{"line":161,"column":65},"end":{"line":161,"column":92}},"line":161}},"branchMap":{"0":{"loc":{"start":{"line":8,"column":46},"end":{"line":8,"column":59}},"type":"default-arg","locations":[{"start":{"line":8,"column":52},"end":{"line":8,"column":59}}],"line":8},"1":{"loc":{"start":{"line":14,"column":29},"end":{"line":14,"column":88}},"type":"cond-expr","locations":[{"start":{"line":14,"column":41},"end":{"line":14,"column":70}},{"start":{"line":14,"column":70},"end":{"line":14,"column":88}}],"line":14},"2":{"loc":{"start":{"line":15,"column":10},"end":{"line":17,"column":null}},"type":"cond-expr","locations":[{"start":{"line":16,"column":14},"end":{"line":16,"column":null}},{"start":{"line":17,"column":14},"end":{"line":17,"column":null}}],"line":15},"3":{"loc":{"start":{"line":20,"column":13},"end":{"line":20,"column":null}},"type":"cond-expr","locations":[{"start":{"line":20,"column":25},"end":{"line":20,"column":33}},{"start":{"line":20,"column":33},"end":{"line":20,"column":null}}],"line":20},"4":{"loc":{"start":{"line":24,"column":9},"end":{"line":34,"column":null}},"type":"binary-expr","locations":[{"start":{"line":24,"column":9},"end":{"line":24,"column":null}},{"start":{"line":25,"column":10},"end":{"line":34,"column":null}}],"line":24},"5":{"loc":{"start":{"line":44,"column":37},"end":{"line":44,"column":76}},"type":"binary-expr","locations":[{"start":{"line":44,"column":37},"end":{"line":44,"column":70}},{"start":{"line":44,"column":70},"end":{"line":44,"column":76}}],"line":44},"6":{"loc":{"start":{"line":47,"column":4},"end":{"line":51,"column":null}},"type":"if","locations":[{"start":{"line":47,"column":4},"end":{"line":51,"column":null}},{"start":{"line":49,"column":11},"end":{"line":51,"column":null}}],"line":47},"7":{"loc":{"start":{"line":55,"column":37},"end":{"line":55,"column":72}},"type":"cond-expr","locations":[{"start":{"line":55,"column":56},"end":{"line":55,"column":66}},{"start":{"line":55,"column":66},"end":{"line":55,"column":72}}],"line":55},"8":{"loc":{"start":{"line":58,"column":4},"end":{"line":66,"column":null}},"type":"switch","locations":[{"start":{"line":59,"column":6},"end":{"line":59,"column":null}},{"start":{"line":60,"column":6},"end":{"line":60,"column":null}},{"start":{"line":61,"column":6},"end":{"line":61,"column":null}},{"start":{"line":62,"column":6},"end":{"line":62,"column":null}},{"start":{"line":63,"column":6},"end":{"line":63,"column":null}},{"start":{"line":64,"column":6},"end":{"line":64,"column":null}},{"start":{"line":65,"column":6},"end":{"line":65,"column":null}}],"line":58},"9":{"loc":{"start":{"line":73,"column":26},"end":{"line":73,"column":49}},"type":"cond-expr","locations":[{"start":{"line":73,"column":40},"end":{"line":73,"column":45}},{"start":{"line":73,"column":45},"end":{"line":73,"column":49}}],"line":73},"10":{"loc":{"start":{"line":80,"column":13},"end":{"line":80,"column":null}},"type":"cond-expr","locations":[{"start":{"line":80,"column":27},"end":{"line":80,"column":57}},{"start":{"line":80,"column":56},"end":{"line":80,"column":null}}],"line":80},"11":{"loc":{"start":{"line":83,"column":49},"end":{"line":83,"column":90}},"type":"cond-expr","locations":[{"start":{"line":83,"column":63},"end":{"line":83,"column":82}},{"start":{"line":83,"column":82},"end":{"line":83,"column":90}}],"line":83},"12":{"loc":{"start":{"line":88,"column":17},"end":{"line":99,"column":null}},"type":"binary-expr","locations":[{"start":{"line":88,"column":17},"end":{"line":88,"column":null}},{"start":{"line":89,"column":16},"end":{"line":99,"column":null}}],"line":88},"13":{"loc":{"start":{"line":103,"column":109},"end":{"line":103,"column":170}},"type":"cond-expr","locations":[{"start":{"line":103,"column":123},"end":{"line":103,"column":147}},{"start":{"line":103,"column":147},"end":{"line":103,"column":170}}],"line":103},"14":{"loc":{"start":{"line":105,"column":13},"end":{"line":106,"column":null}},"type":"binary-expr","locations":[{"start":{"line":105,"column":13},"end":{"line":105,"column":29}},{"start":{"line":105,"column":29},"end":{"line":106,"column":null}}],"line":105},"15":{"loc":{"start":{"line":132,"column":15},"end":{"line":132,"column":null}},"type":"cond-expr","locations":[{"start":{"line":132,"column":34},"end":{"line":132,"column":55}},{"start":{"line":132,"column":54},"end":{"line":132,"column":null}}],"line":132},"16":{"loc":{"start":{"line":134,"column":117},"end":{"line":134,"column":null}},"type":"cond-expr","locations":[{"start":{"line":134,"column":128},"end":{"line":134,"column":175}},{"start":{"line":134,"column":175},"end":{"line":134,"column":null}}],"line":134}},"s":{"0":1,"1":12,"2":12,"3":1,"4":3,"5":3,"6":3,"7":3,"8":3,"9":3,"10":2,"11":1,"12":3,"13":3,"14":1,"15":3,"16":3,"17":3,"18":0,"19":0,"20":0,"21":0,"22":0,"23":0,"24":3,"25":0,"26":0,"27":0,"28":0,"29":3,"30":0},"f":{"0":12,"1":12,"2":3,"3":3,"4":1,"5":3,"6":0,"7":0,"8":0,"9":0,"10":3,"11":0},"b":{"0":[12],"1":[0,12],"2":[0,12],"3":[0,12],"4":[12,12],"5":[3,3],"6":[2,1],"7":[1,0],"8":[3,0,0,0,0,0,0],"9":[0,3],"10":[0,3],"11":[0,3],"12":[3,3],"13":[0,3],"14":[3,3],"15":[2,1],"16":[0,3]},"meta":{"lastBranch":17,"lastFunction":12,"lastStatement":31,"seen":{"s:8:6:37:Infinity":0,"f:8:6:8:21":0,"b:8:52:8:59":0,"s:9:2:35:Infinity":1,"f:13:6:13:18":1,"s:14:8:17:Infinity":2,"b:14:41:14:70:14:70:14:88":1,"b:16:14:16:Infinity:17:14:17:Infinity":2,"b:20:25:20:33:20:33:20:Infinity":3,"b:24:9:24:Infinity:25:10:34:Infinity":4,"s:39:6:168:Infinity":3,"f:39:6:39:21":2,"s:40:22:40:Infinity":4,"s:41:27:41:Infinity":5,"s:42:8:42:Infinity":6,"s:44:16:44:Infinity":7,"b:44:37:44:70:44:70:44:76":5,"s:46:2:53:Infinity":8,"f:46:2:46:18":3,"b:47:4:51:Infinity:49:11:51:Infinity":6,"s:47:4:51:Infinity":9,"s:48:6:48:Infinity":10,"s:50:6:50:Infinity":11,"s:52:4:52:Infinity":12,"s:55:8:55:Infinity":13,"f:55:8:55:28":4,"s:55:28:55:Infinity":14,"b:55:56:55:66:55:66:55:72":7,"s:57:8:67:Infinity":15,"f:57:8:57:29":5,"b:59:6:59:Infinity:60:6:60:Infinity:61:6:61:Infinity:62:6:62:Infinity:63:6:63:Infinity:64:6:64:Infinity:65:6:65:Infinity":8,"s:58:4:66:Infinity":16,"s:59:16:59:Infinity":17,"s:60:25:60:Infinity":18,"s:61:24:61:Infinity":19,"s:62:25:62:Infinity":20,"s:63:22:63:Infinity":21,"s:64:29:64:Infinity":22,"s:65:15:65:Infinity":23,"s:69:2:166:Infinity":24,"b:73:40:73:45:73:45:73:49":9,"f:77:12:77:27":6,"s:77:27:77:Infinity":25,"b:80:27:80:57:80:56:80:Infinity":10,"b:83:63:83:82:83:82:83:90":11,"f:84:150:84:165":7,"s:84:165:84:195":26,"b:88:17:88:Infinity:89:16:99:Infinity":12,"f:103:18:103:33":8,"s:103:33:103:58":27,"b:103:123:103:147:103:147:103:170":13,"b:105:13:105:29:105:29:106:Infinity":14,"f:122:20:122:35":9,"s:122:35:122:65":28,"b:132:34:132:55:132:54:132:Infinity":15,"f:134:41:134:53":10,"s:134:70:134:Infinity":29,"b:134:128:134:175:134:175:134:Infinity":16,"f:161:50:161:65":11,"s:161:65:161:92":30}}}
,"/Users/sumitshandillya/Desktop/assignment/frontend/src/pages/Customers.jsx": {"path":"/Users/sumitshandillya/Desktop/assignment/frontend/src/pages/Customers.jsx","statementMap":{"0":{"start":{"line":10,"column":23},"end":{"line":14,"column":null}},"1":{"start":{"line":16,"column":6},"end":{"line":82,"column":null}},"2":{"start":{"line":17,"column":8},"end":{"line":17,"column":null}},"3":{"start":{"line":19,"column":71},"end":{"line":22,"column":null}},"4":{"start":{"line":24,"column":8},"end":{"line":35,"column":null}},"5":{"start":{"line":27,"column":6},"end":{"line":27,"column":null}},"6":{"start":{"line":28,"column":6},"end":{"line":28,"column":null}},"7":{"start":{"line":29,"column":6},"end":{"line":29,"column":null}},"8":{"start":{"line":30,"column":6},"end":{"line":30,"column":null}},"9":{"start":{"line":33,"column":6},"end":{"line":33,"column":null}},"10":{"start":{"line":37,"column":2},"end":{"line":37,"column":null}},"11":{"start":{"line":37,"column":15},"end":{"line":37,"column":null}},"12":{"start":{"line":39,"column":2},"end":{"line":80,"column":null}},"13":{"start":{"line":48,"column":51},"end":{"line":48,"column":72}},"14":{"start":{"line":84,"column":6},"end":{"line":195,"column":null}},"15":{"start":{"line":85,"column":22},"end":{"line":85,"column":null}},"16":{"start":{"line":86,"column":27},"end":{"line":86,"column":null}},"17":{"start":{"line":87,"column":8},"end":{"line":87,"column":null}},"18":{"start":{"line":89,"column":8},"end":{"line":104,"column":null}},"19":{"start":{"line":92,"column":6},"end":{"line":92,"column":null}},"20":{"start":{"line":93,"column":23},"end":{"line":93,"column":null}},"21":{"start":{"line":94,"column":6},"end":{"line":94,"column":null}},"22":{"start":{"line":94,"column":53},"end":{"line":94,"column":82}},"23":{"start":{"line":94,"column":70},"end":{"line":94,"column":81}},"24":{"start":{"line":95,"column":6},"end":{"line":95,"column":null}},"25":{"start":{"line":98,"column":6},"end":{"line":98,"column":null}},"26":{"start":{"line":99,"column":6},"end":{"line":99,"column":null}},"27":{"start":{"line":102,"column":6},"end":{"line":102,"column":null}},"28":{"start":{"line":106,"column":8},"end":{"line":110,"column":null}},"29":{"start":{"line":107,"column":4},"end":{"line":109,"column":null}},"30":{"start":{"line":108,"column":6},"end":{"line":108,"column":null}},"31":{"start":{"line":112,"column":2},"end":{"line":193,"column":null}},"32":{"start":{"line":119,"column":31},"end":{"line":119,"column":53}},"33":{"start":{"line":142,"column":16},"end":{"line":154,"column":null}},"34":{"start":{"line":152,"column":43},"end":{"line":152,"column":70}},"35":{"start":{"line":168,"column":16},"end":{"line":186,"column":null}},"36":{"start":{"line":179,"column":43},"end":{"line":179,"column":70}},"37":{"start":{"line":192,"column":57},"end":{"line":192,"column":81}}},"fnMap":{"0":{"name":"(anonymous_0)","decl":{"start":{"line":16,"column":6},"end":{"line":16,"column":23}},"loc":{"start":{"line":16,"column":47},"end":{"line":82,"column":null}},"line":16},"1":{"name":"(anonymous_1)","decl":{"start":{"line":26,"column":4},"end":{"line":26,"column":21}},"loc":{"start":{"line":26,"column":21},"end":{"line":31,"column":null}},"line":26},"2":{"name":"(anonymous_2)","decl":{"start":{"line":32,"column":4},"end":{"line":32,"column":14}},"loc":{"start":{"line":32,"column":24},"end":{"line":34,"column":null}},"line":32},"3":{"name":"(anonymous_3)","decl":{"start":{"line":48,"column":28},"end":{"line":48,"column":42}},"loc":{"start":{"line":48,"column":51},"end":{"line":48,"column":72}},"line":48},"4":{"name":"(anonymous_4)","decl":{"start":{"line":84,"column":6},"end":{"line":84,"column":24}},"loc":{"start":{"line":84,"column":24},"end":{"line":195,"column":null}},"line":84},"5":{"name":"(anonymous_5)","decl":{"start":{"line":91,"column":14},"end":{"line":91,"column":21}},"loc":{"start":{"line":91,"column":28},"end":{"line":96,"column":null}},"line":91},"6":{"name":"(anonymous_6)","decl":{"start":{"line":94,"column":43},"end":{"line":94,"column":46}},"loc":{"start":{"line":94,"column":53},"end":{"line":94,"column":82}},"line":94},"7":{"name":"(anonymous_7)","decl":{"start":{"line":94,"column":58},"end":{"line":94,"column":65}},"loc":{"start":{"line":94,"column":70},"end":{"line":94,"column":81}},"line":94},"8":{"name":"(anonymous_8)","decl":{"start":{"line":97,"column":4},"end":{"line":97,"column":14}},"loc":{"start":{"line":97,"column":35},"end":{"line":100,"column":null}},"line":97},"9":{"name":"(anonymous_9)","decl":{"start":{"line":101,"column":4},"end":{"line":101,"column":21}},"loc":{"start":{"line":101,"column":21},"end":{"line":103,"column":null}},"line":101},"10":{"name":"(anonymous_10)","decl":{"start":{"line":106,"column":8},"end":{"line":106,"column":24}},"loc":{"start":{"line":106,"column":31},"end":{"line":110,"column":null}},"line":106},"11":{"name":"(anonymous_11)","decl":{"start":{"line":119,"column":16},"end":{"line":119,"column":31}},"loc":{"start":{"line":119,"column":31},"end":{"line":119,"column":53}},"line":119},"12":{"name":"(anonymous_12)","decl":{"start":{"line":141,"column":25},"end":{"line":141,"column":29}},"loc":{"start":{"line":142,"column":16},"end":{"line":154,"column":null}},"line":142},"13":{"name":"(anonymous_13)","decl":{"start":{"line":152,"column":28},"end":{"line":152,"column":43}},"loc":{"start":{"line":152,"column":43},"end":{"line":152,"column":70}},"line":152},"14":{"name":"(anonymous_14)","decl":{"start":{"line":167,"column":25},"end":{"line":167,"column":29}},"loc":{"start":{"line":168,"column":16},"end":{"line":186,"column":null}},"line":168},"15":{"name":"(anonymous_15)","decl":{"start":{"line":179,"column":28},"end":{"line":179,"column":43}},"loc":{"start":{"line":179,"column":43},"end":{"line":179,"column":70}},"line":179},"16":{"name":"(anonymous_16)","decl":{"start":{"line":192,"column":42},"end":{"line":192,"column":57}},"loc":{"start":{"line":192,"column":57},"end":{"line":192,"column":81}},"line":192}},"branchMap":{"0":{"loc":{"start":{"line":33,"column":18},"end":{"line":33,"column":69}},"type":"binary-expr","locations":[{"start":{"line":33,"column":18},"end":{"line":33,"column":50}},{"start":{"line":33,"column":50},"end":{"line":33,"column":69}}],"line":33},"1":{"loc":{"start":{"line":37,"column":2},"end":{"line":37,"column":null}},"type":"if","locations":[{"start":{"line":37,"column":2},"end":{"line":37,"column":null}},{"start":{},"end":{}}],"line":37},"2":{"loc":{"start":{"line":55,"column":17},"end":{"line":55,"column":null}},"type":"binary-expr","locations":[{"start":{"line":55,"column":17},"end":{"line":55,"column":37}},{"start":{"line":55,"column":37},"end":{"line":55,"column":null}}],"line":55},"3":{"loc":{"start":{"line":63,"column":17},"end":{"line":63,"column":null}},"type":"binary-expr","locations":[{"start":{"line":63,"column":17},"end":{"line":63,"column":33}},{"start":{"line":63,"column":33},"end":{"line":63,"column":null}}],"line":63},"4":{"loc":{"start":{"line":73,"column":17},"end":{"line":73,"column":null}},"type":"binary-expr","locations":[{"start":{"line":73,"column":17},"end":{"line":73,"column":33}},{"start":{"line":73,"column":33},"end":{"line":73,"column":null}}],"line":73},"5":{"loc":{"start":{"line":99,"column":18},"end":{"line":99,"column":75}},"type":"binary-expr","locations":[{"start":{"line":99,"column":18},"end":{"line":99,"column":48}},{"start":{"line":99,"column":48},"end":{"line":99,"column":75}}],"line":99},"6":{"loc":{"start":{"line":107,"column":4},"end":{"line":109,"column":null}},"type":"if","locations":[{"start":{"line":107,"column":4},"end":{"line":109,"column":null}},{"start":{},"end":{}}],"line":107},"7":{"loc":{"start":{"line":136,"column":13},"end":{"line":155,"column":null}},"type":"cond-expr","locations":[{"start":{"line":137,"column":14},"end":{"line":138,"column":27}},{"start":{"line":138,"column":16},"end":{"line":155,"column":null}}],"line":136},"8":{"loc":{"start":{"line":138,"column":16},"end":{"line":155,"column":null}},"type":"cond-expr","locations":[{"start":{"line":139,"column":14},"end":{"line":141,"column":25}},{"start":{"line":141,"column":14},"end":{"line":155,"column":null}}],"line":138},"9":{"loc":{"start":{"line":150,"column":69},"end":{"line":150,"column":95}},"type":"binary-expr","locations":[{"start":{"line":150,"column":69},"end":{"line":150,"column":87}},{"start":{"line":150,"column":87},"end":{"line":150,"column":95}}],"line":150},"10":{"loc":{"start":{"line":162,"column":13},"end":{"line":187,"column":null}},"type":"cond-expr","locations":[{"start":{"line":163,"column":14},"end":{"line":164,"column":27}},{"start":{"line":164,"column":16},"end":{"line":187,"column":null}}],"line":162},"11":{"loc":{"start":{"line":164,"column":16},"end":{"line":187,"column":null}},"type":"cond-expr","locations":[{"start":{"line":165,"column":14},"end":{"line":167,"column":25}},{"start":{"line":167,"column":14},"end":{"line":187,"column":null}}],"line":164},"12":{"loc":{"start":{"line":181,"column":19},"end":{"line":186,"column":null}},"type":"binary-expr","locations":[{"start":{"line":181,"column":19},"end":{"line":181,"column":null}},{"start":{"line":182,"column":20},"end":{"line":186,"column":null}}],"line":181}},"s":{"0":1,"1":1,"2":6,"3":6,"4":6,"5":0,"6":0,"7":0,"8":0,"9":0,"10":6,"11":5,"12":1,"13":0,"14":1,"15":4,"16":4,"17":4,"18":4,"19":0,"20":0,"21":0,"22":0,"23":0,"24":0,"25":0,"26":0,"27":0,"28":4,"29":0,"30":0,"31":4,"32":1,"33":1,"34":0,"35":1,"36":0,"37":0},"f":{"0":6,"1":0,"2":0,"3":0,"4":4,"5":0,"6":0,"7":0,"8":0,"9":0,"10":0,"11":1,"12":1,"13":0,"14":1,"15":0,"16":0},"b":{"0":[0,0],"1":[5,1],"2":[1,0],"3":[6,0],"4":[6,0],"5":[0,0],"6":[0,0],"7":[2,2],"8":[1,1],"9":[1,0],"10":[2,2],"11":[1,1],"12":[1,1]},"meta":{"lastBranch":13,"lastFunction":17,"lastStatement":38,"seen":{"s:10:23:14:Infinity":0,"s:16:6:82:Infinity":1,"f:16:6:16:23":0,"s:17:8:17:Infinity":2,"s:19:71:22:Infinity":3,"s:24:8:35:Infinity":4,"f:26:4:26:21":1,"s:27:6:27:Infinity":5,"s:28:6:28:Infinity":6,"s:29:6:29:Infinity":7,"s:30:6:30:Infinity":8,"f:32:4:32:14":2,"s:33:6:33:Infinity":9,"b:33:18:33:50:33:50:33:69":0,"b:37:2:37:Infinity:undefined:undefined:undefined:undefined":1,"s:37:2:37:Infinity":10,"s:37:15:37:Infinity":11,"s:39:2:80:Infinity":12,"f:48:28:48:42":3,"s:48:51:48:72":13,"b:55:17:55:37:55:37:55:Infinity":2,"b:63:17:63:33:63:33:63:Infinity":3,"b:73:17:73:33:73:33:73:Infinity":4,"s:84:6:195:Infinity":14,"f:84:6:84:24":4,"s:85:22:85:Infinity":15,"s:86:27:86:Infinity":16,"s:87:8:87:Infinity":17,"s:89:8:104:Infinity":18,"f:91:14:91:21":5,"s:92:6:92:Infinity":19,"s:93:23:93:Infinity":20,"s:94:6:94:Infinity":21,"f:94:43:94:46":6,"s:94:53:94:82":22,"f:94:58:94:65":7,"s:94:70:94:81":23,"s:95:6:95:Infinity":24,"f:97:4:97:14":8,"s:98:6:98:Infinity":25,"s:99:6:99:Infinity":26,"b:99:18:99:48:99:48:99:75":5,"f:101:4:101:21":9,"s:102:6:102:Infinity":27,"s:106:8:110:Infinity":28,"f:106:8:106:24":10,"b:107:4:109:Infinity:undefined:undefined:undefined:undefined":6,"s:107:4:109:Infinity":29,"s:108:6:108:Infinity":30,"s:112:2:193:Infinity":31,"f:119:16:119:31":11,"s:119:31:119:53":32,"b:137:14:138:27:138:16:155:Infinity":7,"b:139:14:141:25:141:14:155:Infinity":8,"f:141:25:141:29":12,"s:142:16:154:Infinity":33,"b:150:69:150:87:150:87:150:95":9,"f:152:28:152:43":13,"s:152:43:152:70":34,"b:163:14:164:27:164:16:187:Infinity":10,"b:165:14:167:25:167:14:187:Infinity":11,"f:167:25:167:29":14,"s:168:16:186:Infinity":35,"f:179:28:179:43":15,"s:179:43:179:70":36,"b:181:19:181:Infinity:182:20:186:Infinity":12,"f:192:42:192:57":16,"s:192:57:192:81":37}}}
,"/Users/sumitshandillya/Desktop/assignment/frontend/src/pages/Dashboard.jsx": {"path":"/Users/sumitshandillya/Desktop/assignment/frontend/src/pages/Dashboard.jsx","statementMap":{"0":{"start":{"line":6,"column":6},"end":{"line":14,"column":null}},"1":{"start":{"line":7,"column":2},"end":{"line":14,"column":null}},"2":{"start":{"line":17,"column":6},"end":{"line":158,"column":null}},"3":{"start":{"line":18,"column":27},"end":{"line":22,"column":null}},"4":{"start":{"line":24,"column":16},"end":{"line":27,"column":null}},"5":{"start":{"line":29,"column":27},"end":{"line":29,"column":null}},"6":{"start":{"line":29,"column":49},"end":{"line":29,"column":91}},"7":{"start":{"line":31,"column":2},"end":{"line":31,"column":null}},"8":{"start":{"line":31,"column":17},"end":{"line":31,"column":null}},"9":{"start":{"line":32,"column":2},"end":{"line":32,"column":null}},"10":{"start":{"line":32,"column":15},"end":{"line":32,"column":null}},"11":{"start":{"line":34,"column":2},"end":{"line":156,"column":null}},"12":{"start":{"line":95,"column":35},"end":{"line":95,"column":null}},"13":{"start":{"line":96,"column":16},"end":{"line":113,"column":null}},"14":{"start":{"line":126,"column":35},"end":{"line":126,"column":null}},"15":{"start":{"line":127,"column":16},"end":{"line":150,"column":null}}},"fnMap":{"0":{"name":"(anonymous_0)","decl":{"start":{"line":6,"column":6},"end":{"line":6,"column":18}},"loc":{"start":{"line":7,"column":2},"end":{"line":14,"column":null}},"line":7},"1":{"name":"(anonymous_1)","decl":{"start":{"line":17,"column":6},"end":{"line":17,"column":24}},"loc":{"start":{"line":17,"column":24},"end":{"line":158,"column":null}},"line":17},"2":{"name":"(anonymous_2)","decl":{"start":{"line":29,"column":37},"end":{"line":29,"column":44}},"loc":{"start":{"line":29,"column":49},"end":{"line":29,"column":91}},"line":29},"3":{"name":"(anonymous_3)","decl":{"start":{"line":94,"column":31},"end":{"line":94,"column":35}},"loc":{"start":{"line":94,"column":46},"end":{"line":115,"column":15}},"line":94},"4":{"name":"(anonymous_4)","decl":{"start":{"line":125,"column":31},"end":{"line":125,"column":35}},"loc":{"start":{"line":125,"column":46},"end":{"line":152,"column":15}},"line":125}},"branchMap":{"0":{"loc":{"start":{"line":6,"column":41},"end":{"line":6,"column":null}},"type":"default-arg","locations":[{"start":{"line":6,"column":54},"end":{"line":6,"column":null}}],"line":6},"1":{"loc":{"start":{"line":9,"column":37},"end":{"line":9,"column":108}},"type":"cond-expr","locations":[{"start":{"line":9,"column":50},"end":{"line":9,"column":81}},{"start":{"line":9,"column":81},"end":{"line":9,"column":108}}],"line":9},"2":{"loc":{"start":{"line":29,"column":27},"end":{"line":29,"column":null}},"type":"binary-expr","locations":[{"start":{"line":29,"column":27},"end":{"line":29,"column":108}},{"start":{"line":29,"column":108},"end":{"line":29,"column":null}}],"line":29},"3":{"loc":{"start":{"line":29,"column":73},"end":{"line":29,"column":91}},"type":"binary-expr","locations":[{"start":{"line":29,"column":73},"end":{"line":29,"column":88}},{"start":{"line":29,"column":88},"end":{"line":29,"column":91}}],"line":29},"4":{"loc":{"start":{"line":31,"column":2},"end":{"line":31,"column":null}},"type":"if","locations":[{"start":{"line":31,"column":2},"end":{"line":31,"column":null}},{"start":{},"end":{}}],"line":31},"5":{"loc":{"start":{"line":32,"column":2},"end":{"line":32,"column":null}},"type":"if","locations":[{"start":{"line":32,"column":2},"end":{"line":32,"column":null}},{"start":{},"end":{}}],"line":32},"6":{"loc":{"start":{"line":47,"column":17},"end":{"line":47,"column":null}},"type":"binary-expr","locations":[{"start":{"line":47,"column":17},"end":{"line":47,"column":41}},{"start":{"line":47,"column":41},"end":{"line":47,"column":null}}],"line":47},"7":{"loc":{"start":{"line":52,"column":17},"end":{"line":52,"column":null}},"type":"binary-expr","locations":[{"start":{"line":52,"column":17},"end":{"line":52,"column":42}},{"start":{"line":52,"column":42},"end":{"line":52,"column":null}}],"line":52},"8":{"loc":{"start":{"line":57,"column":17},"end":{"line":57,"column":null}},"type":"binary-expr","locations":[{"start":{"line":57,"column":17},"end":{"line":57,"column":39}},{"start":{"line":57,"column":39},"end":{"line":57,"column":null}}],"line":57},"9":{"loc":{"start":{"line":62,"column":17},"end":{"line":62,"column":null}},"type":"binary-expr","locations":[{"start":{"line":62,"column":17},"end":{"line":62,"column":40}},{"start":{"line":62,"column":40},"end":{"line":62,"column":null}}],"line":62},"10":{"loc":{"start":{"line":91,"column":13},"end":{"line":115,"column":null}},"type":"cond-expr","locations":[{"start":{"line":92,"column":14},"end":{"line":94,"column":31}},{"start":{"line":94,"column":14},"end":{"line":115,"column":null}}],"line":91},"11":{"loc":{"start":{"line":95,"column":65},"end":{"line":95,"column":92}},"type":"binary-expr","locations":[{"start":{"line":95,"column":65},"end":{"line":95,"column":86}},{"start":{"line":95,"column":86},"end":{"line":95,"column":92}}],"line":95},"12":{"loc":{"start":{"line":100,"column":72},"end":{"line":100,"column":null}},"type":"cond-expr","locations":[{"start":{"line":100,"column":85},"end":{"line":100,"column":100}},{"start":{"line":100,"column":100},"end":{"line":100,"column":null}}],"line":100},"13":{"loc":{"start":{"line":103,"column":85},"end":{"line":103,"column":113}},"type":"binary-expr","locations":[{"start":{"line":103,"column":85},"end":{"line":103,"column":106}},{"start":{"line":103,"column":106},"end":{"line":103,"column":113}}],"line":103},"14":{"loc":{"start":{"line":106,"column":22},"end":{"line":108,"column":null}},"type":"cond-expr","locations":[{"start":{"line":107,"column":26},"end":{"line":107,"column":null}},{"start":{"line":108,"column":26},"end":{"line":108,"column":null}}],"line":106},"15":{"loc":{"start":{"line":110,"column":23},"end":{"line":110,"column":null}},"type":"cond-expr","locations":[{"start":{"line":110,"column":36},"end":{"line":110,"column":49}},{"start":{"line":110,"column":49},"end":{"line":110,"column":null}}],"line":110},"16":{"loc":{"start":{"line":122,"column":13},"end":{"line":152,"column":null}},"type":"cond-expr","locations":[{"start":{"line":123,"column":14},"end":{"line":125,"column":31}},{"start":{"line":125,"column":14},"end":{"line":152,"column":null}}],"line":122},"17":{"loc":{"start":{"line":126,"column":65},"end":{"line":126,"column":92}},"type":"binary-expr","locations":[{"start":{"line":126,"column":65},"end":{"line":126,"column":86}},{"start":{"line":126,"column":86},"end":{"line":126,"column":92}}],"line":126},"18":{"loc":{"start":{"line":135,"column":24},"end":{"line":137,"column":null}},"type":"cond-expr","locations":[{"start":{"line":136,"column":28},"end":{"line":136,"column":null}},{"start":{"line":137,"column":28},"end":{"line":137,"column":null}}],"line":135},"19":{"loc":{"start":{"line":139,"column":25},"end":{"line":139,"column":null}},"type":"cond-expr","locations":[{"start":{"line":139,"column":38},"end":{"line":139,"column":51}},{"start":{"line":139,"column":51},"end":{"line":139,"column":null}}],"line":139},"20":{"loc":{"start":{"line":144,"column":59},"end":{"line":144,"column":89}},"type":"binary-expr","locations":[{"start":{"line":144,"column":59},"end":{"line":144,"column":80}},{"start":{"line":144,"column":80},"end":{"line":144,"column":89}}],"line":144},"21":{"loc":{"start":{"line":147,"column":74},"end":{"line":147,"column":122}},"type":"cond-expr","locations":[{"start":{"line":147,"column":87},"end":{"line":147,"column":102}},{"start":{"line":147,"column":102},"end":{"line":147,"column":122}}],"line":147}},"s":{"0":1,"1":4,"2":1,"3":3,"4":3,"5":3,"6":1,"7":3,"8":2,"9":1,"10":1,"11":1,"12":1,"13":1,"14":1,"15":1},"f":{"0":4,"1":3,"2":1,"3":1,"4":1},"b":{"0":[4],"1":[1,3],"2":[3,2],"3":[1,0],"4":[2,1],"5":[0,1],"6":[1,0],"7":[3,0],"8":[3,0],"9":[3,0],"10":[0,1],"11":[1,0],"12":[1,0],"13":[1,0],"14":[1,0],"15":[1,0],"16":[0,1],"17":[1,0],"18":[1,0],"19":[1,0],"20":[1,0],"21":[1,0]},"meta":{"lastBranch":22,"lastFunction":5,"lastStatement":16,"seen":{"s:6:6:14:Infinity":0,"f:6:6:6:18":0,"s:7:2:14:Infinity":1,"b:6:54:6:Infinity":0,"b:9:50:9:81:9:81:9:108":1,"s:17:6:158:Infinity":2,"f:17:6:17:24":1,"s:18:27:22:Infinity":3,"s:24:16:27:Infinity":4,"s:29:27:29:Infinity":5,"b:29:27:29:108:29:108:29:Infinity":2,"f:29:37:29:44":2,"s:29:49:29:91":6,"b:29:73:29:88:29:88:29:91":3,"b:31:2:31:Infinity:undefined:undefined:undefined:undefined":4,"s:31:2:31:Infinity":7,"s:31:17:31:Infinity":8,"b:32:2:32:Infinity:undefined:undefined:undefined:undefined":5,"s:32:2:32:Infinity":9,"s:32:15:32:Infinity":10,"s:34:2:156:Infinity":11,"b:47:17:47:41:47:41:47:Infinity":6,"b:52:17:52:42:52:42:52:Infinity":7,"b:57:17:57:39:57:39:57:Infinity":8,"b:62:17:62:40:62:40:62:Infinity":9,"b:92:14:94:31:94:14:115:Infinity":10,"f:94:31:94:35":3,"s:95:35:95:Infinity":12,"b:95:65:95:86:95:86:95:92":11,"s:96:16:113:Infinity":13,"b:100:85:100:100:100:100:100:Infinity":12,"b:103:85:103:106:103:106:103:113":13,"b:107:26:107:Infinity:108:26:108:Infinity":14,"b:110:36:110:49:110:49:110:Infinity":15,"b:123:14:125:31:125:14:152:Infinity":16,"f:125:31:125:35":4,"s:126:35:126:Infinity":14,"b:126:65:126:86:126:86:126:92":17,"s:127:16:150:Infinity":15,"b:136:28:136:Infinity:137:28:137:Infinity":18,"b:139:38:139:51:139:51:139:Infinity":19,"b:144:59:144:80:144:80:144:89":20,"b:147:87:147:102:147:102:147:122":21}}}
,"/Users/sumitshandillya/Desktop/assignment/frontend/src/pages/Notifications.jsx": {"path":"/Users/sumitshandillya/Desktop/assignment/frontend/src/pages/Notifications.jsx","statementMap":{"0":{"start":{"line":7,"column":6},"end":{"line":14,"column":null}},"1":{"start":{"line":8,"column":4},"end":{"line":13,"column":null}},"2":{"start":{"line":9,"column":26},"end":{"line":9,"column":null}},"3":{"start":{"line":10,"column":23},"end":{"line":10,"column":null}},"4":{"start":{"line":11,"column":23},"end":{"line":11,"column":null}},"5":{"start":{"line":12,"column":17},"end":{"line":12,"column":null}},"6":{"start":{"line":16,"column":6},"end":{"line":25,"column":null}},"7":{"start":{"line":17,"column":17},"end":{"line":17,"column":null}},"8":{"start":{"line":18,"column":16},"end":{"line":18,"column":null}},"9":{"start":{"line":19,"column":26},"end":{"line":19,"column":null}},"10":{"start":{"line":21,"column":4},"end":{"line":21,"column":null}},"11":{"start":{"line":21,"column":28},"end":{"line":21,"column":null}},"12":{"start":{"line":22,"column":4},"end":{"line":22,"column":null}},"13":{"start":{"line":22,"column":30},"end":{"line":22,"column":null}},"14":{"start":{"line":23,"column":4},"end":{"line":23,"column":null}},"15":{"start":{"line":23,"column":31},"end":{"line":23,"column":null}},"16":{"start":{"line":24,"column":4},"end":{"line":24,"column":null}},"17":{"start":{"line":27,"column":6},"end":{"line":113,"column":null}},"18":{"start":{"line":28,"column":22},"end":{"line":28,"column":null}},"19":{"start":{"line":29,"column":33},"end":{"line":29,"column":null}},"20":{"start":{"line":30,"column":10},"end":{"line":30,"column":null}},"21":{"start":{"line":32,"column":10},"end":{"line":38,"column":null}},"22":{"start":{"line":35,"column":12},"end":{"line":35,"column":null}},"23":{"start":{"line":36,"column":12},"end":{"line":36,"column":null}},"24":{"start":{"line":40,"column":34},"end":{"line":40,"column":null}},"25":{"start":{"line":40,"column":61},"end":{"line":40,"column":104}},"26":{"start":{"line":42,"column":17},"end":{"line":42,"column":null}},"27":{"start":{"line":44,"column":4},"end":{"line":111,"column":null}},"28":{"start":{"line":52,"column":35},"end":{"line":52,"column":null}},"29":{"start":{"line":62,"column":20},"end":{"line":72,"column":null}},"30":{"start":{"line":64,"column":39},"end":{"line":64,"column":null}},"31":{"start":{"line":85,"column":24},"end":{"line":107,"column":null}}},"fnMap":{"0":{"name":"(anonymous_0)","decl":{"start":{"line":7,"column":6},"end":{"line":7,"column":17}},"loc":{"start":{"line":7,"column":26},"end":{"line":14,"column":null}},"line":7},"1":{"name":"(anonymous_1)","decl":{"start":{"line":16,"column":6},"end":{"line":16,"column":23}},"loc":{"start":{"line":16,"column":38},"end":{"line":25,"column":null}},"line":16},"2":{"name":"(anonymous_2)","decl":{"start":{"line":27,"column":6},"end":{"line":27,"column":28}},"loc":{"start":{"line":27,"column":28},"end":{"line":113,"column":null}},"line":27},"3":{"name":"(anonymous_3)","decl":{"start":{"line":34,"column":8},"end":{"line":34,"column":25}},"loc":{"start":{"line":34,"column":25},"end":{"line":37,"column":null}},"line":34},"4":{"name":"(anonymous_4)","decl":{"start":{"line":40,"column":49},"end":{"line":40,"column":56}},"loc":{"start":{"line":40,"column":61},"end":{"line":40,"column":104}},"line":40},"5":{"name":"(anonymous_5)","decl":{"start":{"line":52,"column":20},"end":{"line":52,"column":35}},"loc":{"start":{"line":52,"column":35},"end":{"line":52,"column":null}},"line":52},"6":{"name":"(anonymous_6)","decl":{"start":{"line":61,"column":22},"end":{"line":61,"column":26}},"loc":{"start":{"line":62,"column":20},"end":{"line":72,"column":null}},"line":62},"7":{"name":"(anonymous_7)","decl":{"start":{"line":64,"column":24},"end":{"line":64,"column":39}},"loc":{"start":{"line":64,"column":39},"end":{"line":64,"column":null}},"line":64},"8":{"name":"(anonymous_8)","decl":{"start":{"line":84,"column":42},"end":{"line":84,"column":46}},"loc":{"start":{"line":85,"column":24},"end":{"line":107,"column":null}},"line":85}},"branchMap":{"0":{"loc":{"start":{"line":8,"column":4},"end":{"line":13,"column":null}},"type":"switch","locations":[{"start":{"line":9,"column":8},"end":{"line":9,"column":null}},{"start":{"line":10,"column":8},"end":{"line":10,"column":null}},{"start":{"line":11,"column":8},"end":{"line":11,"column":null}},{"start":{"line":12,"column":8},"end":{"line":12,"column":null}}],"line":8},"1":{"loc":{"start":{"line":21,"column":4},"end":{"line":21,"column":null}},"type":"if","locations":[{"start":{"line":21,"column":4},"end":{"line":21,"column":null}},{"start":{},"end":{}}],"line":21},"2":{"loc":{"start":{"line":22,"column":4},"end":{"line":22,"column":null}},"type":"if","locations":[{"start":{"line":22,"column":4},"end":{"line":22,"column":null}},{"start":{},"end":{}}],"line":22},"3":{"loc":{"start":{"line":23,"column":4},"end":{"line":23,"column":null}},"type":"if","locations":[{"start":{"line":23,"column":4},"end":{"line":23,"column":null}},{"start":{},"end":{}}],"line":23},"4":{"loc":{"start":{"line":40,"column":34},"end":{"line":40,"column":null}},"type":"binary-expr","locations":[{"start":{"line":40,"column":34},"end":{"line":40,"column":109}},{"start":{"line":40,"column":109},"end":{"line":40,"column":null}}],"line":40},"5":{"loc":{"start":{"line":40,"column":61},"end":{"line":40,"column":104}},"type":"binary-expr","locations":[{"start":{"line":40,"column":61},"end":{"line":40,"column":84}},{"start":{"line":40,"column":84},"end":{"line":40,"column":104}}],"line":40},"6":{"loc":{"start":{"line":53,"column":30},"end":{"line":53,"column":null}},"type":"binary-expr","locations":[{"start":{"line":53,"column":30},"end":{"line":53,"column":52}},{"start":{"line":53,"column":52},"end":{"line":53,"column":null}}],"line":53},"7":{"loc":{"start":{"line":66,"column":28},"end":{"line":68,"column":null}},"type":"cond-expr","locations":[{"start":{"line":67,"column":34},"end":{"line":67,"column":null}},{"start":{"line":68,"column":34},"end":{"line":68,"column":null}}],"line":66},"8":{"loc":{"start":{"line":77,"column":17},"end":{"line":108,"column":null}},"type":"cond-expr","locations":[{"start":{"line":78,"column":20},"end":{"line":79,"column":42}},{"start":{"line":79,"column":20},"end":{"line":108,"column":null}}],"line":77},"9":{"loc":{"start":{"line":79,"column":20},"end":{"line":108,"column":null}},"type":"cond-expr","locations":[{"start":{"line":80,"column":20},"end":{"line":84,"column":42}},{"start":{"line":84,"column":20},"end":{"line":108,"column":null}}],"line":79},"10":{"loc":{"start":{"line":88,"column":32},"end":{"line":88,"column":null}},"type":"cond-expr","locations":[{"start":{"line":88,"column":55},"end":{"line":88,"column":87}},{"start":{"line":88,"column":87},"end":{"line":88,"column":null}}],"line":88},"11":{"loc":{"start":{"line":96,"column":76},"end":{"line":96,"column":null}},"type":"cond-expr","locations":[{"start":{"line":96,"column":99},"end":{"line":96,"column":127}},{"start":{"line":96,"column":127},"end":{"line":96,"column":null}}],"line":96}},"s":{"0":1,"1":1,"2":0,"3":0,"4":0,"5":1,"6":1,"7":1,"8":1,"9":1,"10":1,"11":0,"12":1,"13":0,"14":1,"15":0,"16":1,"17":1,"18":2,"19":2,"20":2,"21":2,"22":0,"23":0,"24":2,"25":1,"26":2,"27":2,"28":0,"29":8,"30":0,"31":1},"f":{"0":1,"1":1,"2":2,"3":0,"4":1,"5":0,"6":8,"7":0,"8":1},"b":{"0":[0,0,0,1],"1":[0,1],"2":[0,1],"3":[0,1],"4":[2,1],"5":[1,0],"6":[2,2],"7":[2,6],"8":[1,1],"9":[0,1],"10":[0,1],"11":[0,1]},"meta":{"lastBranch":12,"lastFunction":9,"lastStatement":32,"seen":{"s:7:6:14:Infinity":0,"f:7:6:7:17":0,"b:9:8:9:Infinity:10:8:10:Infinity:11:8:11:Infinity:12:8:12:Infinity":0,"s:8:4:13:Infinity":1,"s:9:26:9:Infinity":2,"s:10:23:10:Infinity":3,"s:11:23:11:Infinity":4,"s:12:17:12:Infinity":5,"s:16:6:25:Infinity":6,"f:16:6:16:23":1,"s:17:17:17:Infinity":7,"s:18:16:18:Infinity":8,"s:19:26:19:Infinity":9,"b:21:4:21:Infinity:undefined:undefined:undefined:undefined":1,"s:21:4:21:Infinity":10,"s:21:28:21:Infinity":11,"b:22:4:22:Infinity:undefined:undefined:undefined:undefined":2,"s:22:4:22:Infinity":12,"s:22:30:22:Infinity":13,"b:23:4:23:Infinity:undefined:undefined:undefined:undefined":3,"s:23:4:23:Infinity":14,"s:23:31:23:Infinity":15,"s:24:4:24:Infinity":16,"s:27:6:113:Infinity":17,"f:27:6:27:28":2,"s:28:22:28:Infinity":18,"s:29:33:29:Infinity":19,"s:30:10:30:Infinity":20,"s:32:10:38:Infinity":21,"f:34:8:34:25":3,"s:35:12:35:Infinity":22,"s:36:12:36:Infinity":23,"s:40:34:40:Infinity":24,"b:40:34:40:109:40:109:40:Infinity":4,"f:40:49:40:56":4,"s:40:61:40:104":25,"b:40:61:40:84:40:84:40:104":5,"s:42:17:42:Infinity":26,"s:44:4:111:Infinity":27,"f:52:20:52:35":5,"s:52:35:52:Infinity":28,"b:53:30:53:52:53:52:53:Infinity":6,"f:61:22:61:26":6,"s:62:20:72:Infinity":29,"f:64:24:64:39":7,"s:64:39:64:Infinity":30,"b:67:34:67:Infinity:68:34:68:Infinity":7,"b:78:20:79:42:79:20:108:Infinity":8,"b:80:20:84:42:84:20:108:Infinity":9,"f:84:42:84:46":8,"s:85:24:107:Infinity":31,"b:88:55:88:87:88:87:88:Infinity":10,"b:96:99:96:127:96:127:96:Infinity":11}}}
,"/Users/sumitshandillya/Desktop/assignment/frontend/src/pages/Orders.jsx": {"path":"/Users/sumitshandillya/Desktop/assignment/frontend/src/pages/Orders.jsx","statementMap":{"0":{"start":{"line":6,"column":6},"end":{"line":94,"column":null}},"1":{"start":{"line":7,"column":10},"end":{"line":7,"column":null}},"2":{"start":{"line":8,"column":24},"end":{"line":8,"column":null}},"3":{"start":{"line":10,"column":2},"end":{"line":92,"column":null}},"4":{"start":{"line":17,"column":31},"end":{"line":17,"column":56}},"5":{"start":{"line":42,"column":18},"end":{"line":55,"column":null}},"6":{"start":{"line":69,"column":16},"end":{"line":86,"column":null}}},"fnMap":{"0":{"name":"(anonymous_0)","decl":{"start":{"line":6,"column":6},"end":{"line":6,"column":21}},"loc":{"start":{"line":6,"column":21},"end":{"line":94,"column":null}},"line":6},"1":{"name":"(anonymous_1)","decl":{"start":{"line":17,"column":16},"end":{"line":17,"column":31}},"loc":{"start":{"line":17,"column":31},"end":{"line":17,"column":56}},"line":17},"2":{"name":"(anonymous_2)","decl":{"start":{"line":41,"column":24},"end":{"line":41,"column":28}},"loc":{"start":{"line":42,"column":18},"end":{"line":55,"column":null}},"line":42},"3":{"name":"(anonymous_3)","decl":{"start":{"line":68,"column":22},"end":{"line":68,"column":26}},"loc":{"start":{"line":69,"column":16},"end":{"line":86,"column":null}},"line":69}},"branchMap":{"0":{"loc":{"start":{"line":36,"column":15},"end":{"line":56,"column":null}},"type":"cond-expr","locations":[{"start":{"line":37,"column":16},"end":{"line":38,"column":26}},{"start":{"line":38,"column":18},"end":{"line":56,"column":null}}],"line":36},"1":{"loc":{"start":{"line":38,"column":18},"end":{"line":56,"column":null}},"type":"cond-expr","locations":[{"start":{"line":39,"column":16},"end":{"line":41,"column":24}},{"start":{"line":41,"column":16},"end":{"line":56,"column":null}}],"line":38},"2":{"loc":{"start":{"line":63,"column":13},"end":{"line":87,"column":null}},"type":"cond-expr","locations":[{"start":{"line":64,"column":14},"end":{"line":65,"column":24}},{"start":{"line":65,"column":16},"end":{"line":87,"column":null}}],"line":63},"3":{"loc":{"start":{"line":65,"column":16},"end":{"line":87,"column":null}},"type":"cond-expr","locations":[{"start":{"line":66,"column":14},"end":{"line":68,"column":22}},{"start":{"line":68,"column":14},"end":{"line":87,"column":null}}],"line":65}},"s":{"0":1,"1":2,"2":2,"3":2,"4":0,"5":1,"6":1},"f":{"0":2,"1":0,"2":1,"3":1},"b":{"0":[1,1],"1":[0,1],"2":[1,1],"3":[0,1]},"meta":{"lastBranch":4,"lastFunction":4,"lastStatement":7,"seen":{"s:6:6:94:Infinity":0,"f:6:6:6:21":0,"s:7:10:7:Infinity":1,"s:8:24:8:Infinity":2,"s:10:2:92:Infinity":3,"f:17:16:17:31":1,"s:17:31:17:56":4,"b:37:16:38:26:38:18:56:Infinity":0,"b:39:16:41:24:41:16:56:Infinity":1,"f:41:24:41:28":2,"s:42:18:55:Infinity":5,"b:64:14:65:24:65:16:87:Infinity":2,"b:66:14:68:22:68:14:87:Infinity":3,"f:68:22:68:26":3,"s:69:16:86:Infinity":6}}}
,"/Users/sumitshandillya/Desktop/assignment/frontend/src/pages/Products.jsx": {"path":"/Users/sumitshandillya/Desktop/assignment/frontend/src/pages/Products.jsx","statementMap":{"0":{"start":{"line":10,"column":22},"end":{"line":21,"column":null}},"1":{"start":{"line":23,"column":6},"end":{"line":177,"column":null}},"2":{"start":{"line":24,"column":8},"end":{"line":24,"column":null}},"3":{"start":{"line":25,"column":20},"end":{"line":25,"column":null}},"4":{"start":{"line":27,"column":85},"end":{"line":34,"column":null}},"5":{"start":{"line":36,"column":21},"end":{"line":36,"column":null}},"6":{"start":{"line":38,"column":8},"end":{"line":49,"column":null}},"7":{"start":{"line":41,"column":6},"end":{"line":41,"column":null}},"8":{"start":{"line":42,"column":6},"end":{"line":42,"column":null}},"9":{"start":{"line":43,"column":6},"end":{"line":43,"column":null}},"10":{"start":{"line":44,"column":6},"end":{"line":44,"column":null}},"11":{"start":{"line":47,"column":6},"end":{"line":47,"column":null}},"12":{"start":{"line":51,"column":2},"end":{"line":51,"column":null}},"13":{"start":{"line":51,"column":15},"end":{"line":51,"column":null}},"14":{"start":{"line":53,"column":2},"end":{"line":175,"column":null}},"15":{"start":{"line":60,"column":52},"end":{"line":60,"column":115}},"16":{"start":{"line":179,"column":6},"end":{"line":307,"column":null}},"17":{"start":{"line":180,"column":22},"end":{"line":180,"column":null}},"18":{"start":{"line":181,"column":25},"end":{"line":181,"column":null}},"19":{"start":{"line":183,"column":26},"end":{"line":183,"column":null}},"20":{"start":{"line":185,"column":8},"end":{"line":188,"column":null}},"21":{"start":{"line":186,"column":4},"end":{"line":186,"column":null}},"22":{"start":{"line":187,"column":4},"end":{"line":187,"column":null}},"23":{"start":{"line":190,"column":8},"end":{"line":194,"column":null}},"24":{"start":{"line":191,"column":4},"end":{"line":191,"column":null}},"25":{"start":{"line":191,"column":19},"end":{"line":191,"column":null}},"26":{"start":{"line":192,"column":4},"end":{"line":192,"column":null}},"27":{"start":{"line":192,"column":34},"end":{"line":192,"column":null}},"28":{"start":{"line":193,"column":4},"end":{"line":193,"column":null}},"29":{"start":{"line":196,"column":2},"end":{"line":305,"column":null}},"30":{"start":{"line":233,"column":16},"end":{"line":252,"column":null}},"31":{"start":{"line":233,"column":162},"end":{"line":233,"column":190}},"32":{"start":{"line":233,"column":190},"end":{"line":233,"column":212}},"33":{"start":{"line":266,"column":14},"end":{"line":287,"column":null}},"34":{"start":{"line":266,"column":53},"end":{"line":266,"column":81}},"35":{"start":{"line":266,"column":81},"end":{"line":266,"column":103}},"36":{"start":{"line":302,"column":23},"end":{"line":302,"column":null}}},"fnMap":{"0":{"name":"(anonymous_0)","decl":{"start":{"line":23,"column":6},"end":{"line":23,"column":22}},"loc":{"start":{"line":23,"column":55},"end":{"line":177,"column":null}},"line":23},"1":{"name":"(anonymous_1)","decl":{"start":{"line":40,"column":4},"end":{"line":40,"column":21}},"loc":{"start":{"line":40,"column":21},"end":{"line":45,"column":null}},"line":40},"2":{"name":"(anonymous_2)","decl":{"start":{"line":46,"column":4},"end":{"line":46,"column":14}},"loc":{"start":{"line":46,"column":24},"end":{"line":48,"column":null}},"line":46},"3":{"name":"(anonymous_3)","decl":{"start":{"line":60,"column":29},"end":{"line":60,"column":43}},"loc":{"start":{"line":60,"column":52},"end":{"line":60,"column":115}},"line":60},"4":{"name":"(anonymous_4)","decl":{"start":{"line":179,"column":6},"end":{"line":179,"column":23}},"loc":{"start":{"line":179,"column":23},"end":{"line":307,"column":null}},"line":179},"5":{"name":"(anonymous_5)","decl":{"start":{"line":185,"column":8},"end":{"line":185,"column":27}},"loc":{"start":{"line":185,"column":27},"end":{"line":188,"column":null}},"line":185},"6":{"name":"(anonymous_6)","decl":{"start":{"line":190,"column":8},"end":{"line":190,"column":26}},"loc":{"start":{"line":190,"column":45},"end":{"line":194,"column":null}},"line":190},"7":{"name":"(anonymous_7)","decl":{"start":{"line":232,"column":24},"end":{"line":232,"column":28}},"loc":{"start":{"line":233,"column":16},"end":{"line":252,"column":null}},"line":233},"8":{"name":"(anonymous_8)","decl":{"start":{"line":233,"column":145},"end":{"line":233,"column":160}},"loc":{"start":{"line":233,"column":160},"end":{"line":233,"column":null}},"line":233},"9":{"name":"(anonymous_9)","decl":{"start":{"line":265,"column":22},"end":{"line":265,"column":26}},"loc":{"start":{"line":266,"column":14},"end":{"line":287,"column":null}},"line":266},"10":{"name":"(anonymous_10)","decl":{"start":{"line":266,"column":36},"end":{"line":266,"column":51}},"loc":{"start":{"line":266,"column":51},"end":{"line":266,"column":106}},"line":266},"11":{"name":"(anonymous_11)","decl":{"start":{"line":302,"column":8},"end":{"line":302,"column":23}},"loc":{"start":{"line":302,"column":23},"end":{"line":302,"column":null}},"line":302}},"branchMap":{"0":{"loc":{"start":{"line":29,"column":19},"end":{"line":33,"column":null}},"type":"binary-expr","locations":[{"start":{"line":29,"column":19},"end":{"line":29,"column":30}},{"start":{"line":29,"column":30},"end":{"line":33,"column":null}}],"line":29},"1":{"loc":{"start":{"line":39,"column":16},"end":{"line":39,"column":null}},"type":"cond-expr","locations":[{"start":{"line":39,"column":28},"end":{"line":39,"column":44}},{"start":{"line":39,"column":44},"end":{"line":39,"column":null}}],"line":39},"2":{"loc":{"start":{"line":42,"column":20},"end":{"line":42,"column":69}},"type":"cond-expr","locations":[{"start":{"line":42,"column":32},"end":{"line":42,"column":52}},{"start":{"line":42,"column":52},"end":{"line":42,"column":69}}],"line":42},"3":{"loc":{"start":{"line":47,"column":18},"end":{"line":47,"column":69}},"type":"binary-expr","locations":[{"start":{"line":47,"column":18},"end":{"line":47,"column":50}},{"start":{"line":47,"column":50},"end":{"line":47,"column":69}}],"line":47},"4":{"loc":{"start":{"line":51,"column":2},"end":{"line":51,"column":null}},"type":"if","locations":[{"start":{"line":51,"column":2},"end":{"line":51,"column":null}},{"start":{},"end":{}}],"line":51},"5":{"loc":{"start":{"line":57,"column":39},"end":{"line":57,"column":90}},"type":"cond-expr","locations":[{"start":{"line":57,"column":51},"end":{"line":57,"column":68}},{"start":{"line":57,"column":68},"end":{"line":57,"column":90}}],"line":57},"6":{"loc":{"start":{"line":60,"column":68},"end":{"line":60,"column":114}},"type":"cond-expr","locations":[{"start":{"line":60,"column":80},"end":{"line":60,"column":110}},{"start":{"line":60,"column":110},"end":{"line":60,"column":114}}],"line":60},"7":{"loc":{"start":{"line":79,"column":21},"end":{"line":79,"column":null}},"type":"binary-expr","locations":[{"start":{"line":79,"column":21},"end":{"line":79,"column":36}},{"start":{"line":79,"column":36},"end":{"line":79,"column":null}}],"line":79},"8":{"loc":{"start":{"line":85,"column":25},"end":{"line":85,"column":null}},"type":"binary-expr","locations":[{"start":{"line":85,"column":25},"end":{"line":85,"column":39}},{"start":{"line":85,"column":39},"end":{"line":85,"column":null}}],"line":85},"9":{"loc":{"start":{"line":114,"column":25},"end":{"line":114,"column":null}},"type":"binary-expr","locations":[{"start":{"line":114,"column":25},"end":{"line":114,"column":41}},{"start":{"line":114,"column":41},"end":{"line":114,"column":null}}],"line":114},"10":{"loc":{"start":{"line":119,"column":25},"end":{"line":119,"column":null}},"type":"binary-expr","locations":[{"start":{"line":119,"column":25},"end":{"line":119,"column":53}},{"start":{"line":119,"column":53},"end":{"line":119,"column":null}}],"line":119},"11":{"loc":{"start":{"line":191,"column":4},"end":{"line":191,"column":null}},"type":"if","locations":[{"start":{"line":191,"column":4},"end":{"line":191,"column":null}},{"start":{},"end":{}}],"line":191},"12":{"loc":{"start":{"line":192,"column":4},"end":{"line":192,"column":null}},"type":"if","locations":[{"start":{"line":192,"column":4},"end":{"line":192,"column":null}},{"start":{},"end":{}}],"line":192},"13":{"loc":{"start":{"line":192,"column":16},"end":{"line":192,"column":34}},"type":"binary-expr","locations":[{"start":{"line":192,"column":16},"end":{"line":192,"column":29}},{"start":{"line":192,"column":29},"end":{"line":192,"column":34}}],"line":192},"14":{"loc":{"start":{"line":227,"column":13},"end":{"line":253,"column":null}},"type":"cond-expr","locations":[{"start":{"line":228,"column":14},"end":{"line":229,"column":26}},{"start":{"line":229,"column":16},"end":{"line":253,"column":null}}],"line":227},"15":{"loc":{"start":{"line":229,"column":16},"end":{"line":253,"column":null}},"type":"cond-expr","locations":[{"start":{"line":230,"column":14},"end":{"line":232,"column":24}},{"start":{"line":232,"column":14},"end":{"line":253,"column":null}}],"line":229},"16":{"loc":{"start":{"line":240,"column":81},"end":{"line":240,"column":126}},"type":"binary-expr","locations":[{"start":{"line":240,"column":81},"end":{"line":240,"column":104}},{"start":{"line":240,"column":104},"end":{"line":240,"column":126}}],"line":240},"17":{"loc":{"start":{"line":244,"column":77},"end":{"line":244,"column":105}},"type":"binary-expr","locations":[{"start":{"line":244,"column":77},"end":{"line":244,"column":97}},{"start":{"line":244,"column":97},"end":{"line":244,"column":105}}],"line":244},"18":{"loc":{"start":{"line":246,"column":37},"end":{"line":246,"column":129}},"type":"cond-expr","locations":[{"start":{"line":246,"column":94},"end":{"line":246,"column":109}},{"start":{"line":246,"column":109},"end":{"line":246,"column":129}}],"line":246},"19":{"loc":{"start":{"line":246,"column":67},"end":{"line":246,"column":94}},"type":"binary-expr","locations":[{"start":{"line":246,"column":67},"end":{"line":246,"column":88}},{"start":{"line":246,"column":88},"end":{"line":246,"column":94}}],"line":246},"20":{"loc":{"start":{"line":260,"column":11},"end":{"line":288,"column":null}},"type":"cond-expr","locations":[{"start":{"line":261,"column":12},"end":{"line":262,"column":24}},{"start":{"line":262,"column":14},"end":{"line":288,"column":null}}],"line":260},"21":{"loc":{"start":{"line":262,"column":14},"end":{"line":288,"column":null}},"type":"cond-expr","locations":[{"start":{"line":263,"column":12},"end":{"line":265,"column":22}},{"start":{"line":265,"column":12},"end":{"line":288,"column":null}}],"line":262},"22":{"loc":{"start":{"line":274,"column":88},"end":{"line":274,"column":119}},"type":"binary-expr","locations":[{"start":{"line":274,"column":88},"end":{"line":274,"column":108}},{"start":{"line":274,"column":108},"end":{"line":274,"column":119}}],"line":274},"23":{"loc":{"start":{"line":281,"column":64},"end":{"line":281,"column":158}},"type":"cond-expr","locations":[{"start":{"line":281,"column":121},"end":{"line":281,"column":136}},{"start":{"line":281,"column":136},"end":{"line":281,"column":158}}],"line":281},"24":{"loc":{"start":{"line":281,"column":94},"end":{"line":281,"column":121}},"type":"binary-expr","locations":[{"start":{"line":281,"column":94},"end":{"line":281,"column":115}},{"start":{"line":281,"column":115},"end":{"line":281,"column":121}}],"line":281},"25":{"loc":{"start":{"line":293,"column":27},"end":{"line":293,"column":75}},"type":"cond-expr","locations":[{"start":{"line":293,"column":46},"end":{"line":293,"column":71}},{"start":{"line":293,"column":71},"end":{"line":293,"column":75}}],"line":293},"26":{"loc":{"start":{"line":293,"column":80},"end":{"line":293,"column":102}},"type":"binary-expr","locations":[{"start":{"line":293,"column":80},"end":{"line":293,"column":100}},{"start":{"line":293,"column":100},"end":{"line":293,"column":102}}],"line":293}},"s":{"0":1,"1":1,"2":9,"3":9,"4":9,"5":9,"6":9,"7":0,"8":0,"9":0,"10":0,"11":0,"12":9,"13":8,"14":1,"15":0,"16":1,"17":6,"18":6,"19":6,"20":6,"21":0,"22":0,"23":6,"24":6,"25":0,"26":6,"27":0,"28":6,"29":6,"30":3,"31":1,"32":1,"33":3,"34":0,"35":0,"36":0},"f":{"0":9,"1":0,"2":0,"3":0,"4":6,"5":0,"6":6,"7":3,"8":1,"9":3,"10":0,"11":0},"b":{"0":[9,8],"1":[1,8],"2":[0,0],"3":[0,0],"4":[8,1],"5":[1,0],"6":[0,0],"7":[9,0],"8":[9,0],"9":[9,0],"10":[9,0],"11":[0,6],"12":[0,6],"13":[6,6],"14":[3,3],"15":[0,3],"16":[3,3],"17":[3,0],"18":[0,3],"19":[3,3],"20":[3,3],"21":[0,3],"22":[3,0],"23":[0,3],"24":[3,3],"25":[3,3],"26":[6,3]},"meta":{"lastBranch":27,"lastFunction":12,"lastStatement":37,"seen":{"s:10:22:21:Infinity":0,"s:23:6:177:Infinity":1,"f:23:6:23:22":0,"s:24:8:24:Infinity":2,"s:25:20:25:Infinity":3,"s:27:85:34:Infinity":4,"b:29:19:29:30:29:30:33:Infinity":0,"s:36:21:36:Infinity":5,"s:38:8:49:Infinity":6,"b:39:28:39:44:39:44:39:Infinity":1,"f:40:4:40:21":1,"s:41:6:41:Infinity":7,"s:42:6:42:Infinity":8,"b:42:32:42:52:42:52:42:69":2,"s:43:6:43:Infinity":9,"s:44:6:44:Infinity":10,"f:46:4:46:14":2,"s:47:6:47:Infinity":11,"b:47:18:47:50:47:50:47:69":3,"b:51:2:51:Infinity:undefined:undefined:undefined:undefined":4,"s:51:2:51:Infinity":12,"s:51:15:51:Infinity":13,"s:53:2:175:Infinity":14,"b:57:51:57:68:57:68:57:90":5,"f:60:29:60:43":3,"s:60:52:60:115":15,"b:60:80:60:110:60:110:60:114":6,"b:79:21:79:36:79:36:79:Infinity":7,"b:85:25:85:39:85:39:85:Infinity":8,"b:114:25:114:41:114:41:114:Infinity":9,"b:119:25:119:53:119:53:119:Infinity":10,"s:179:6:307:Infinity":16,"f:179:6:179:23":4,"s:180:22:180:Infinity":17,"s:181:25:181:Infinity":18,"s:183:26:183:Infinity":19,"s:185:8:188:Infinity":20,"f:185:8:185:27":5,"s:186:4:186:Infinity":21,"s:187:4:187:Infinity":22,"s:190:8:194:Infinity":23,"f:190:8:190:26":6,"b:191:4:191:Infinity:undefined:undefined:undefined:undefined":11,"s:191:4:191:Infinity":24,"s:191:19:191:Infinity":25,"b:192:4:192:Infinity:undefined:undefined:undefined:undefined":12,"s:192:4:192:Infinity":26,"b:192:16:192:29:192:29:192:34":13,"s:192:34:192:Infinity":27,"s:193:4:193:Infinity":28,"s:196:2:305:Infinity":29,"b:228:14:229:26:229:16:253:Infinity":14,"b:230:14:232:24:232:14:253:Infinity":15,"f:232:24:232:28":7,"s:233:16:252:Infinity":30,"f:233:145:233:160":8,"s:233:162:233:190":31,"s:233:190:233:212":32,"b:240:81:240:104:240:104:240:126":16,"b:244:77:244:97:244:97:244:105":17,"b:246:94:246:109:246:109:246:129":18,"b:246:67:246:88:246:88:246:94":19,"b:261:12:262:24:262:14:288:Infinity":20,"b:263:12:265:22:265:12:288:Infinity":21,"f:265:22:265:26":9,"s:266:14:287:Infinity":33,"f:266:36:266:51":10,"s:266:53:266:81":34,"s:266:81:266:103":35,"b:274:88:274:108:274:108:274:119":22,"b:281:121:281:136:281:136:281:158":23,"b:281:94:281:115:281:115:281:121":24,"b:293:46:293:71:293:71:293:75":25,"b:293:80:293:100:293:100:293:102":26,"f:302:8:302:23":11,"s:302:23:302:Infinity":36}}}
}
